<?xml version="1.0" encoding="UTF-8"?>
<testsuite xmlns:xsi="http://www.w3.org/2001/XMLSchema-instance" xsi:noNamespaceSchemaLocation="https://maven.apache.org/surefire/maven-surefire-plugin/xsd/surefire-test-report.xsd" name="com.staxrt.tutorial.ApplicationTests" time="10.319" tests="6" errors="0" skipped="0" failures="0">
  <properties>
[...]
</properties>
  <testcase name="testGetAllbooks" classname="com.staxrt.tutorial.ApplicationTests" time="0.429"/>
  <testcase name="testUpdatePost" classname="com.staxrt.tutorial.ApplicationTests" time="0.09"/>
  <testcase name="testGetbookById" classname="com.staxrt.tutorial.ApplicationTests" time="0.009"/>
  <testcase name="testCreatebook" classname="com.staxrt.tutorial.ApplicationTests" time="0.008"/>
  <testcase name="testDeletePost" classname="com.staxrt.tutorial.ApplicationTests" time="0.021"/>
  <testcase name="contextLoads" classname="com.staxrt.tutorial.ApplicationTests" time="0.003"/>
</testsuite>